

Version:	3.12
CmdLine:	C:\Users\theam\OneDrive\Documents\NetBeansProjects\AirlineDB\exe\airmgmt.exe --l4j-debug
WOW64:		yes
Working dir:	C:\Users\theam\OneDrive\Documents\NetBeansProjects\AirlineDB\exe\.
Java min ver:	1.006.000_001
Java max ver:	
64-bit search:	SOFTWARE\JavaSoft\Java Runtime Environment...
Check:		SOFTWARE\JavaSoft\Java Runtime Environment\1.8
Check launcher:	C:\Program Files\Java\jre1.8.0_181\bin\javaw.exe (OK)
Match:		1.008.000
Check:		SOFTWARE\JavaSoft\Java Runtime Environment\1.8.0_181
Check launcher:	C:\Program Files\Java\jre1.8.0_181\bin\javaw.exe (OK)
Match:		1.008.000_181
64-bit search:	SOFTWARE\JavaSoft\Java Development Kit...
Check:		SOFTWARE\JavaSoft\Java Development Kit\1.8
Ignore:		1.008.000
Check:		SOFTWARE\JavaSoft\Java Development Kit\1.8.0_181
Ignore:		1.008.000_181
64-bit search:	SOFTWARE\JavaSoft\JRE...
64-bit search:	SOFTWARE\JavaSoft\JDK...
Runtime used:	1.008.000_181 (64-bit)
Launcher:	C:\Program Files\Java\jre1.8.0_181\bin\javaw.exe
Launcher args:	-jar "C:\Users\theam\OneDrive\Documents\NetBeansProjects\AirlineDB\exe\airmgmt.exe"
Args length:	83/32768 chars
Error msg:	An error occurred while starting the application.


Version:	3.12
CmdLine:	C:\Users\theam\OneDrive\Documents\NetBeansProjects\AirlineDB\exe\airmgmt.exe --l4j-debug
WOW64:		yes
Working dir:	C:\Users\theam\OneDrive\Documents\NetBeansProjects\AirlineDB\exe\.
Java min ver:	1.006.000_001
Java max ver:	
64-bit search:	SOFTWARE\JavaSoft\Java Runtime Environment...
Check:		SOFTWARE\JavaSoft\Java Runtime Environment\1.8
Check launcher:	C:\Program Files\Java\jre1.8.0_181\bin\javaw.exe (OK)
Match:		1.008.000
Check:		SOFTWARE\JavaSoft\Java Runtime Environment\1.8.0_181
Check launcher:	C:\Program Files\Java\jre1.8.0_181\bin\javaw.exe (OK)
Match:		1.008.000_181
64-bit search:	SOFTWARE\JavaSoft\Java Development Kit...
Check:		SOFTWARE\JavaSoft\Java Development Kit\1.8
Ignore:		1.008.000
Check:		SOFTWARE\JavaSoft\Java Development Kit\1.8.0_181
Ignore:		1.008.000_181
64-bit search:	SOFTWARE\JavaSoft\JRE...
64-bit search:	SOFTWARE\JavaSoft\JDK...
Runtime used:	1.008.000_181 (64-bit)
Launcher:	C:\Program Files\Java\jre1.8.0_181\bin\javaw.exe
Launcher args:	-jar "C:\Users\theam\OneDrive\Documents\NetBeansProjects\AirlineDB\exe\airmgmt.exe"
Args length:	83/32768 chars
Error msg:	An error occurred while starting the application.
